<?xml version="1.0" encoding="utf-8"?><testsuites name="pytest tests"><testsuite name="pytest" errors="0" failures="1" skipped="0" tests="37" time="26.158" timestamp="2026-08-13T16:10:01.749949+00:00" hostname="agent-env-217b39df-0d99-429a-ae0d-3560ce24bb8e"><testcase classname="tests.backend_test" name="test_health" time="0.322" /><testcase classname="tests.backend_test" name="test_login_wrong_pin" time="0.359" /><testcase classname="tests.backend_test" name="test_login_ok" time="0.344" /><testcase classname="tests.backend_test" name="test_me" time="0.135" /><testcase classname="tests.backend_test" name="test_auth_required" time="0.188" /><testcase classname="tests.backend_test" name="test_dashboard_ranges[today]" time="0.105" /><testcase classname="tests.backend_test" name="test_dashboard_ranges[week]" time="0.080" /><testcase classname="tests.backend_test" name="test_dashboard_ranges[month]" time="0.079" /><testcase classname="tests.backend_test" name="test_dashboard_ranges[year]" time="0.077" /><testcase classname="tests.backend_test" name="test_dashboard_ranges[all]" time="0.075" /><testcase classname="tests.backend_test" name="test_customer_crud" time="0.260" /><testcase classname="tests.backend_test" name="test_supplier_crud" time="0.197" /><testcase classname="tests.backend_test" name="test_product_crud_and_adjust" time="0.208" /><testcase classname="tests.backend_test" name="test_coil_crud" time="0.204" /><testcase classname="tests.backend_test" name="test_purchase_and_sale_flow" time="0.305"><failure message="assert 0.0 == 100">backend/tests/backend_test.py:146: in test_purchase_and_sale_flow
    assert p["quantity"] == 100
E   assert 0.0 == 100</failure></testcase><testcase classname="tests.backend_test" name="test_reports[sales]" time="0.067" /><testcase classname="tests.backend_test" name="test_reports[purchase]" time="0.065" /><testcase classname="tests.backend_test" name="test_reports[inventory]" time="0.060" /><testcase classname="tests.backend_test" name="test_reports[customer_outstanding]" time="0.072" /><testcase classname="tests.backend_test" name="test_reports[supplier_outstanding]" time="0.080" /><testcase classname="tests.backend_test" name="test_reports[profit]" time="0.062" /><testcase classname="tests.backend_test" name="test_export[sales]" time="0.060" /><testcase classname="tests.backend_test" name="test_export[purchases]" time="0.064" /><testcase classname="tests.backend_test" name="test_export[inventory]" time="0.065" /><testcase classname="tests.backend_test" name="test_export[customers]" time="0.071" /><testcase classname="tests.backend_test" name="test_export[all]" time="0.077" /><testcase classname="tests.backend_test" name="test_analytics_ask" time="4.641" /><testcase classname="tests.backend_test" name="test_settings" time="0.062" /><testcase classname="tests.backend_test" name="test_sales_scan_valid_image_returns_200" time="13.320" /><testcase classname="tests.backend_test" name="test_sales_scan_garbage_returns_422" time="0.258" /><testcase classname="tests.backend_test" name="test_sales_scan_empty_returns_400" time="0.132" /><testcase classname="tests.backend_test" name="test_purchases_scan_valid_image_returns_200" time="1.833" /><testcase classname="tests.backend_test" name="test_purchases_scan_garbage_returns_422" time="0.133" /><testcase classname="tests.backend_test" name="test_settings_default_business_name" time="0.059" /><testcase classname="tests.backend_test" name="test_sale_auto_creates_customer_and_edit_reverses_inventory" time="0.588" /><testcase classname="tests.backend_test" name="test_purchase_auto_creates_supplier_and_edit_reverses_inventory" time="0.585" /><testcase classname="tests.backend_test" name="test_ensure_customer_case_insensitive" time="0.305" /></testsuite></testsuites>