<?xml version="1.0" encoding="utf-8"?><testsuites name="pytest tests"><testsuite name="pytest" errors="0" failures="1" skipped="0" tests="34" time="13.233" timestamp="2026-08-13T01:51:01.696425+00:00" hostname="agent-env-217b39df-0d99-429a-ae0d-3560ce24bb8e"><testcase classname="tests.backend_test" name="test_health" time="0.179" /><testcase classname="tests.backend_test" name="test_login_wrong_pin" time="0.329" /><testcase classname="tests.backend_test" name="test_login_ok" time="0.322" /><testcase classname="tests.backend_test" name="test_me" time="0.107" /><testcase classname="tests.backend_test" name="test_auth_required" time="0.104" /><testcase classname="tests.backend_test" name="test_dashboard_ranges[today]" time="0.053" /><testcase classname="tests.backend_test" name="test_dashboard_ranges[week]" time="0.053" /><testcase classname="tests.backend_test" name="test_dashboard_ranges[month]" time="0.054" /><testcase classname="tests.backend_test" name="test_dashboard_ranges[year]" time="0.060" /><testcase classname="tests.backend_test" name="test_dashboard_ranges[all]" time="0.053" /><testcase classname="tests.backend_test" name="test_customer_crud" time="0.196" /><testcase classname="tests.backend_test" name="test_supplier_crud" time="0.146" /><testcase classname="tests.backend_test" name="test_product_crud_and_adjust" time="0.148" /><testcase classname="tests.backend_test" name="test_coil_crud" time="0.149" /><testcase classname="tests.backend_test" name="test_purchase_and_sale_flow" time="0.444"><failure message="assert 2500.0 == 1500">backend/tests/backend_test.py:176: in test_purchase_and_sale_flow
    assert out_before == 1500
E   assert 2500.0 == 1500</failure></testcase><testcase classname="tests.backend_test" name="test_reports[sales]" time="0.047" /><testcase classname="tests.backend_test" name="test_reports[purchase]" time="0.046" /><testcase classname="tests.backend_test" name="test_reports[inventory]" time="0.048" /><testcase classname="tests.backend_test" name="test_reports[customer_outstanding]" time="0.051" /><testcase classname="tests.backend_test" name="test_reports[supplier_outstanding]" time="0.053" /><testcase classname="tests.backend_test" name="test_reports[profit]" time="0.046" /><testcase classname="tests.backend_test" name="test_export[sales]" time="0.052" /><testcase classname="tests.backend_test" name="test_export[purchases]" time="0.046" /><testcase classname="tests.backend_test" name="test_export[inventory]" time="0.047" /><testcase classname="tests.backend_test" name="test_export[customers]" time="0.047" /><testcase classname="tests.backend_test" name="test_export[all]" time="0.053" /><testcase classname="tests.backend_test" name="test_analytics_ask" time="3.894" /><testcase classname="tests.backend_test" name="test_settings" time="0.047" /><testcase classname="tests.backend_test" name="test_sales_scan_valid_image_returns_200" time="3.839" /><testcase classname="tests.backend_test" name="test_sales_scan_garbage_returns_422" time="0.103" /><testcase classname="tests.backend_test" name="test_sales_scan_empty_returns_400" time="0.092" /><testcase classname="tests.backend_test" name="test_purchases_scan_valid_image_returns_200" time="1.576" /><testcase classname="tests.backend_test" name="test_purchases_scan_garbage_returns_422" time="0.132" /><testcase classname="tests.backend_test" name="test_settings_default_business_name" time="0.047" /></testsuite></testsuites>