<?xml version="1.0" encoding="utf-8"?><testsuites name="pytest tests"><testsuite name="pytest" errors="2" failures="0" skipped="0" tests="2" time="0.502" timestamp="2026-08-14T16:24:38.923028+00:00" hostname="agent-env-217b39df-0d99-429a-ae0d-3560ce24bb8e"><testcase classname="" name="tests.test_product_variants" time="0.000"><error message="collection failure">backend/tests/test_product_variants.py:6: in &lt;module&gt;
    BASE_URL = os.environ["REACT_APP_BACKEND_URL"].rstrip("/")
               ^^^^^^^^^^^^^^^^^^^^^^^^^^^^^^^^^^^
&lt;frozen os&gt;:679: in __getitem__
    ???
E   KeyError: 'REACT_APP_BACKEND_URL'</error><error message="collection failure">backend/tests/test_product_variants.py:6: in &lt;module&gt;
    BASE_URL = os.environ["REACT_APP_BACKEND_URL"].rstrip("/")
               ^^^^^^^^^^^^^^^^^^^^^^^^^^^^^^^^^^^
&lt;frozen os&gt;:679: in __getitem__
    ???
E   KeyError: 'REACT_APP_BACKEND_URL'</error></testcase></testsuite></testsuites>